[debug] [2022-03-30T08:05:17.364Z] ----------------------------------------------------------------------
[debug] [2022-03-30T08:05:17.374Z] Command:       C:\Program Files\nodejs\node.exe C:\Users\Adnan Gujjar\AppData\Roaming\npm\node_modules\firebase-tools\lib\bin\firebase.js init
[debug] [2022-03-30T08:05:17.375Z] CLI Version:   10.4.0
[debug] [2022-03-30T08:05:17.376Z] Platform:      win32
[debug] [2022-03-30T08:05:17.377Z] Node Version:  v16.14.0
[debug] [2022-03-30T08:05:17.416Z] Time:          Wed Mar 30 2022 09:05:17 GMT+0100 (British Summer Time)
[debug] [2022-03-30T08:05:17.417Z] ----------------------------------------------------------------------
[debug] 
[debug] [2022-03-30T08:05:17.447Z] >>> [apiv2][query] GET https://firebase-public.firebaseio.com/cli.json [none]
[debug] [2022-03-30T08:05:17.570Z] > command requires scopes: ["email","openid","https://www.googleapis.com/auth/cloudplatformprojects.readonly","https://www.googleapis.com/auth/firebase","https://www.googleapis.com/auth/cloud-platform"]
[debug] [2022-03-30T08:05:17.571Z] > authorizing via signed-in user (adnan.yaqoob.gujar@gmail.com)
[info] 
     ######## #### ########  ######## ########     ###     ######  ########
     ##        ##  ##     ## ##       ##     ##  ##   ##  ##       ##
     ######    ##  ########  ######   ########  #########  ######  ######
     ##        ##  ##    ##  ##       ##     ## ##     ##       ## ##
     ##       #### ##     ## ######## ########  ##     ##  ######  ########

You're about to initialize a Firebase project in this directory:

  D:\landing-page

[debug] [2022-03-30T08:05:19.453Z] <<< [apiv2][status] GET https://firebase-public.firebaseio.com/cli.json 200
[debug] [2022-03-30T08:05:19.454Z] <<< [apiv2][body] GET https://firebase-public.firebaseio.com/cli.json {"cloudBuildErrorAfter":1594252800000,"cloudBuildWarnAfter":1590019200000,"defaultNode10After":1594252800000,"minVersion":"3.0.5","node8DeploysDisabledAfter":1613390400000,"node8RuntimeDisabledAfter":1615809600000,"node8WarnAfter":1600128000000}
